INFO: 05/12/2019 07:31:27 PM signup succeeded
INFO: 05/12/2019 07:31:27 PM signup succeeded
INFO: 05/12/2019 07:31:27 PM signup succeeded
INFO: 05/12/2019 07:31:28 PM signup succeeded
INFO: 05/12/2019 07:31:28 PM signup succeeded
INFO: 05/12/2019 07:31:28 PM signup succeeded
INFO: 05/12/2019 07:31:28 PM signup succeeded
INFO: 05/12/2019 07:31:28 PM signup succeeded
INFO: 05/12/2019 07:31:28 PM signup succeeded
INFO: 05/12/2019 07:31:28 PM signup succeeded
INFO: 05/12/2019 07:31:28 PM signup succeeded
INFO: 05/12/2019 07:31:28 PM signup succeeded
INFO: 05/12/2019 07:31:28 PM login succeeded
INFO: 05/12/2019 07:31:28 PM login succeeded
INFO: 05/12/2019 07:31:28 PM login succeeded
INFO: 05/12/2019 07:31:28 PM login succeeded
INFO: 05/12/2019 07:31:28 PM login succeeded
INFO: 05/12/2019 07:31:28 PM login succeeded
INFO: 05/12/2019 07:31:28 PM login succeeded
INFO: 05/12/2019 07:31:28 PM login succeeded
INFO: 05/12/2019 07:31:28 PM login succeeded
INFO: 05/12/2019 07:31:28 PM create store succeeded
INFO: 05/12/2019 07:31:28 PM create store succeeded
INFO: 05/12/2019 07:31:28 PM create store succeeded
INFO: 05/12/2019 07:31:28 PM create store succeeded
INFO: 05/12/2019 07:31:28 PM create store succeeded
INFO: 05/12/2019 07:31:28 PM create store succeeded
INFO: 05/12/2019 07:31:28 PM create store succeeded
INFO: 05/12/2019 07:31:28 PM create store succeeded
INFO: 05/12/2019 07:31:28 PM create store succeeded
INFO: 05/12/2019 07:31:28 PM create store succeeded
INFO: 05/12/2019 07:31:28 PM create store succeeded
INFO: 05/12/2019 07:31:28 PM create store succeeded
INFO: 05/12/2019 07:31:39 PM signup succeeded
INFO: 05/12/2019 07:31:39 PM signup succeeded
INFO: 05/12/2019 07:31:39 PM signup succeeded
INFO: 05/12/2019 07:31:40 PM signup succeeded
INFO: 05/12/2019 07:31:40 PM signup succeeded
INFO: 05/12/2019 07:31:40 PM signup succeeded
INFO: 05/12/2019 07:31:40 PM signup succeeded
INFO: 05/12/2019 07:31:40 PM signup succeeded
INFO: 05/12/2019 07:31:40 PM signup succeeded
INFO: 05/12/2019 07:31:40 PM signup succeeded
INFO: 05/12/2019 07:31:40 PM signup succeeded
INFO: 05/12/2019 07:31:40 PM signup succeeded
INFO: 05/12/2019 07:31:40 PM signup succeeded
INFO: 05/12/2019 07:31:40 PM signup succeeded
INFO: 05/12/2019 07:31:40 PM signup succeeded
INFO: 05/12/2019 07:31:40 PM signup succeeded
INFO: 05/12/2019 07:31:40 PM signup succeeded
INFO: 05/12/2019 07:31:40 PM signup succeeded
INFO: 05/12/2019 07:31:40 PM signup succeeded
INFO: 05/12/2019 07:31:40 PM signup succeeded
INFO: 05/12/2019 07:31:40 PM signup succeeded
INFO: 05/12/2019 07:31:40 PM signup succeeded
INFO: 05/12/2019 07:31:40 PM signup succeeded
INFO: 05/12/2019 07:31:40 PM signup succeeded
INFO: 05/12/2019 07:31:40 PM signup succeeded
INFO: 05/12/2019 07:31:40 PM signup succeeded
INFO: 05/12/2019 07:31:40 PM signup succeeded
INFO: 05/12/2019 07:31:40 PM signup succeeded
INFO: 05/12/2019 07:31:40 PM signup succeeded
INFO: 05/12/2019 07:31:40 PM signup succeeded
INFO: 05/12/2019 07:31:40 PM signup succeeded
INFO: 05/12/2019 07:31:40 PM signup succeeded
INFO: 05/12/2019 07:31:40 PM signup succeeded
INFO: 05/12/2019 07:31:40 PM signup succeeded
INFO: 05/12/2019 07:31:40 PM signup succeeded
INFO: 05/12/2019 07:31:40 PM signup succeeded
INFO: 05/12/2019 07:31:40 PM login succeeded
INFO: 05/12/2019 07:31:40 PM login succeeded
INFO: 05/12/2019 07:31:40 PM login succeeded
INFO: 05/12/2019 07:31:40 PM login succeeded
INFO: 05/12/2019 07:31:40 PM login succeeded
INFO: 05/12/2019 07:31:40 PM login succeeded
INFO: 05/12/2019 07:31:40 PM login succeeded
INFO: 05/12/2019 07:31:40 PM login succeeded
INFO: 05/12/2019 07:31:40 PM login succeeded
INFO: 05/12/2019 07:31:40 PM login succeeded
INFO: 05/12/2019 07:31:40 PM login succeeded
INFO: 05/12/2019 07:31:40 PM login succeeded
INFO: 05/12/2019 07:31:40 PM login succeeded
INFO: 05/12/2019 07:31:40 PM create store succeeded
INFO: 05/12/2019 07:31:40 PM create store succeeded
INFO: 05/12/2019 07:31:40 PM create store succeeded
INFO: 05/12/2019 07:31:40 PM create store succeeded
INFO: 05/12/2019 07:31:40 PM create store succeeded
INFO: 05/12/2019 07:31:40 PM create store succeeded
INFO: 05/12/2019 07:31:40 PM create store succeeded
INFO: 05/12/2019 07:31:40 PM create store succeeded
INFO: 05/12/2019 07:31:40 PM create store succeeded
INFO: 05/12/2019 07:31:40 PM create store succeeded
INFO: 05/12/2019 07:31:40 PM create store succeeded
INFO: 05/12/2019 07:31:40 PM create store succeeded
INFO: 05/12/2019 07:31:40 PM create store succeeded
INFO: 05/12/2019 07:31:40 PM create store succeeded
INFO: 05/12/2019 07:31:40 PM create store succeeded
INFO: 05/12/2019 07:31:40 PM create store succeeded
INFO: 05/12/2019 07:31:40 PM get store succeeded
INFO: 05/12/2019 07:31:40 PM get store succeeded
INFO: 05/12/2019 07:31:40 PM get store succeeded
INFO: 05/12/2019 07:31:40 PM get store succeeded
INFO: 05/12/2019 07:31:40 PM get store succeeded
INFO: 05/12/2019 07:31:40 PM get store succeeded
INFO: 05/12/2019 07:31:40 PM get store succeeded
INFO: 05/12/2019 07:31:40 PM get store succeeded
INFO: 05/12/2019 07:31:40 PM get store succeeded
INFO: 05/12/2019 07:31:40 PM get store succeeded
INFO: 05/12/2019 07:31:40 PM get store succeeded
INFO: 05/12/2019 07:31:40 PM get store succeeded
INFO: 05/12/2019 07:31:40 PM get store succeeded
INFO: 05/12/2019 07:31:40 PM get store succeeded
INFO: 05/12/2019 07:31:40 PM get store succeeded
INFO: 05/12/2019 07:31:40 PM get store succeeded
INFO: 05/12/2019 07:31:40 PM new store owner has been added successfully!
INFO: 05/12/2019 07:31:40 PM new store owner has been added successfully!
INFO: 05/12/2019 07:31:40 PM new store owner has been added successfully!
INFO: 05/12/2019 07:31:40 PM new store owner has been added successfully!
INFO: 05/12/2019 07:31:40 PM new store owner has been added successfully!
INFO: 05/12/2019 07:31:40 PM new store owner has been added successfully!
INFO: 05/12/2019 07:31:40 PM new store owner has been added successfully!
INFO: 05/12/2019 07:31:40 PM new store owner has been added successfully!
INFO: 05/12/2019 07:31:40 PM new store owner has been added successfully!
INFO: 05/12/2019 07:31:40 PM new store owner has been added successfully!
INFO: 05/12/2019 07:31:40 PM new store owner has been added successfully!
INFO: 05/12/2019 07:31:40 PM new store owner has been added successfully!
INFO: 05/12/2019 07:31:40 PM new store owner has been added successfully!
INFO: 05/12/2019 07:31:40 PM new store owner has been added successfully!
INFO: 05/12/2019 07:31:40 PM new store owner has been added successfully!
INFO: 05/12/2019 07:31:40 PM new store owner has been added successfully!
INFO: 05/12/2019 07:31:40 PM new store owner has been added successfully!
INFO: 05/12/2019 07:31:40 PM new store owner has been added successfully!
INFO: 05/12/2019 07:31:40 PM adding owner succeeded
INFO: 05/12/2019 07:31:40 PM adding owner succeeded
INFO: 05/12/2019 07:31:40 PM adding owner succeeded
INFO: 05/12/2019 07:31:40 PM adding owner succeeded
INFO: 05/12/2019 07:31:40 PM adding owner succeeded
INFO: 05/12/2019 07:31:40 PM adding owner succeeded
INFO: 05/12/2019 07:31:40 PM adding owner succeeded
INFO: 05/12/2019 07:31:40 PM adding owner succeeded
INFO: 05/12/2019 07:31:40 PM adding owner succeeded
INFO: 05/12/2019 07:31:40 PM adding owner succeeded
INFO: 05/12/2019 07:31:40 PM adding owner succeeded
INFO: 05/12/2019 07:31:40 PM adding owner succeeded
INFO: 05/12/2019 07:31:40 PM adding owner succeeded
INFO: 05/12/2019 07:31:40 PM adding owner succeeded
INFO: 05/12/2019 07:31:40 PM adding owner succeeded
INFO: 05/12/2019 07:31:40 PM adding owner succeeded
INFO: 05/12/2019 07:31:40 PM adding owner succeeded
INFO: 05/12/2019 07:31:40 PM adding owner succeeded
INFO: 05/12/2019 07:31:40 PM get store succeeded
INFO: 05/12/2019 07:31:40 PM get store succeeded
INFO: 05/12/2019 07:31:40 PM get store succeeded
INFO: 05/12/2019 07:31:40 PM get store succeeded
INFO: 05/12/2019 07:31:40 PM get store succeeded
INFO: 05/12/2019 07:31:40 PM get store succeeded
INFO: 05/12/2019 07:31:40 PM get store succeeded
INFO: 05/12/2019 07:31:40 PM get store succeeded
INFO: 05/12/2019 07:31:40 PM get store succeeded
INFO: 05/12/2019 07:31:40 PM get store succeeded
INFO: 05/12/2019 07:31:40 PM get store succeeded
INFO: 05/12/2019 07:31:40 PM get store succeeded
INFO: 05/12/2019 07:31:40 PM get store succeeded
INFO: 05/12/2019 07:31:40 PM get store succeeded
INFO: 05/12/2019 07:31:40 PM get store succeeded
INFO: 05/12/2019 07:31:40 PM get store succeeded
INFO: 05/12/2019 07:31:40 PM get store succeeded
INFO: 05/12/2019 07:31:40 PM get store succeeded
INFO: 05/12/2019 07:31:40 PM new store manager has been added successfully!
INFO: 05/12/2019 07:31:40 PM new store manager has been added successfully!
INFO: 05/12/2019 07:31:40 PM new store manager has been added successfully!
INFO: 05/12/2019 07:31:40 PM new store manager has been added successfully!
INFO: 05/12/2019 07:31:40 PM new store manager has been added successfully!
INFO: 05/12/2019 07:31:40 PM new store manager has been added successfully!
INFO: 05/12/2019 07:31:40 PM new store manager has been added successfully!
INFO: 05/12/2019 07:31:40 PM new store manager has been added successfully!
INFO: 05/12/2019 07:31:40 PM new store manager has been added successfully!
INFO: 05/12/2019 07:31:40 PM new store manager has been added successfully!
INFO: 05/12/2019 07:31:40 PM new store manager has been added successfully!
INFO: 05/12/2019 07:31:40 PM new store manager has been added successfully!
INFO: 05/12/2019 07:31:40 PM new store manager has been added successfully!
INFO: 05/12/2019 07:31:40 PM new store manager has been added successfully!
INFO: 05/12/2019 07:31:40 PM new store manager has been added successfully!
INFO: 05/12/2019 07:31:40 PM new store manager has been added successfully!
INFO: 05/12/2019 07:31:40 PM new store manager has been added successfully!
INFO: 05/12/2019 07:31:40 PM new store manager has been added successfully!
INFO: 05/12/2019 07:31:40 PM new store manager has been added successfully!
INFO: 05/12/2019 07:31:40 PM new store manager has been added successfully!
INFO: 05/12/2019 07:31:40 PM adding manager succeeded
INFO: 05/12/2019 07:31:40 PM adding manager succeeded
INFO: 05/12/2019 07:31:40 PM adding manager succeeded
INFO: 05/12/2019 07:31:40 PM adding manager succeeded
INFO: 05/12/2019 07:31:40 PM adding manager succeeded
INFO: 05/12/2019 07:31:40 PM adding manager succeeded
INFO: 05/12/2019 07:31:40 PM adding manager succeeded
INFO: 05/12/2019 07:31:40 PM adding manager succeeded
INFO: 05/12/2019 07:31:40 PM adding manager succeeded
INFO: 05/12/2019 07:31:40 PM adding manager succeeded
INFO: 05/12/2019 07:31:40 PM adding manager succeeded
INFO: 05/12/2019 07:31:40 PM adding manager succeeded
INFO: 05/12/2019 07:31:40 PM adding manager succeeded
INFO: 05/12/2019 07:31:40 PM adding manager succeeded
INFO: 05/12/2019 07:31:40 PM adding manager succeeded
INFO: 05/12/2019 07:31:40 PM adding manager succeeded
INFO: 05/12/2019 07:31:40 PM adding manager succeeded
INFO: 05/12/2019 07:31:40 PM adding manager succeeded
INFO: 05/12/2019 07:31:40 PM adding manager succeeded
INFO: 05/12/2019 07:31:40 PM adding manager succeeded
INFO: 05/12/2019 07:31:54 PM signup succeeded
INFO: 05/12/2019 07:31:54 PM signup succeeded
INFO: 05/12/2019 07:31:54 PM signup succeeded
INFO: 05/12/2019 07:31:57 PM signup succeeded
INFO: 05/12/2019 07:31:57 PM signup succeeded
INFO: 05/12/2019 07:31:57 PM signup succeeded
INFO: 05/12/2019 07:31:57 PM signup succeeded
INFO: 05/12/2019 07:31:57 PM signup succeeded
INFO: 05/12/2019 07:31:57 PM signup succeeded
INFO: 05/12/2019 07:31:57 PM signup succeeded
INFO: 05/12/2019 07:31:57 PM signup succeeded
INFO: 05/12/2019 07:31:57 PM signup succeeded
INFO: 05/12/2019 07:32:00 PM login succeeded
INFO: 05/12/2019 07:32:00 PM login succeeded
INFO: 05/12/2019 07:32:00 PM login succeeded
INFO: 05/12/2019 07:32:00 PM login succeeded
INFO: 05/12/2019 07:32:00 PM login succeeded
INFO: 05/12/2019 07:32:00 PM login succeeded
INFO: 05/12/2019 07:32:00 PM login succeeded
INFO: 05/12/2019 07:32:00 PM login succeeded
INFO: 05/12/2019 07:32:00 PM login succeeded
INFO: 05/12/2019 07:32:05 PM create store succeeded
INFO: 05/12/2019 07:32:05 PM create store succeeded
INFO: 05/12/2019 07:32:05 PM create store succeeded
INFO: 05/12/2019 07:32:05 PM create store succeeded
INFO: 05/12/2019 07:32:05 PM create store succeeded
INFO: 05/12/2019 07:32:05 PM create store succeeded
INFO: 05/12/2019 07:32:05 PM create store succeeded
INFO: 05/12/2019 07:32:05 PM create store succeeded
INFO: 05/12/2019 07:32:05 PM create store succeeded
INFO: 05/12/2019 07:32:05 PM create store succeeded
INFO: 05/12/2019 07:32:05 PM create store succeeded
INFO: 05/12/2019 07:32:05 PM create store succeeded
INFO: 05/12/2019 07:33:58 PM signup succeeded
INFO: 05/12/2019 07:33:58 PM signup succeeded
INFO: 05/12/2019 07:33:58 PM signup succeeded
INFO: 05/12/2019 07:33:58 PM signup succeeded
INFO: 05/12/2019 07:33:58 PM signup succeeded
INFO: 05/12/2019 07:33:58 PM signup succeeded
INFO: 05/12/2019 07:33:58 PM signup succeeded
INFO: 05/12/2019 07:33:58 PM signup succeeded
INFO: 05/12/2019 07:33:58 PM signup succeeded
INFO: 05/12/2019 07:33:58 PM signup succeeded
INFO: 05/12/2019 07:33:58 PM signup succeeded
INFO: 05/12/2019 07:33:58 PM signup succeeded
INFO: 05/12/2019 07:33:58 PM login succeeded
INFO: 05/12/2019 07:33:58 PM login succeeded
INFO: 05/12/2019 07:33:58 PM login succeeded
INFO: 05/12/2019 07:33:58 PM login succeeded
INFO: 05/12/2019 07:33:58 PM login succeeded
INFO: 05/12/2019 07:33:58 PM login succeeded
INFO: 05/12/2019 07:33:58 PM login succeeded
INFO: 05/12/2019 07:33:58 PM login succeeded
INFO: 05/12/2019 07:33:58 PM login succeeded
INFO: 05/12/2019 07:33:58 PM create store succeeded
INFO: 05/12/2019 07:33:58 PM create store succeeded
INFO: 05/12/2019 07:33:58 PM create store succeeded
INFO: 05/12/2019 07:33:58 PM create store succeeded
INFO: 05/12/2019 07:33:58 PM create store succeeded
INFO: 05/12/2019 07:33:58 PM create store succeeded
INFO: 05/12/2019 07:33:58 PM create store succeeded
INFO: 05/12/2019 07:33:58 PM create store succeeded
INFO: 05/12/2019 07:33:58 PM create store succeeded
INFO: 05/12/2019 07:33:58 PM create store succeeded
INFO: 05/12/2019 07:33:58 PM create store succeeded
INFO: 05/12/2019 07:33:58 PM create store succeeded
INFO: 05/12/2019 07:34:06 PM signup succeeded
INFO: 05/12/2019 07:34:06 PM signup succeeded
INFO: 05/12/2019 07:34:06 PM signup succeeded
INFO: 05/12/2019 07:34:12 PM signup succeeded
INFO: 05/12/2019 07:34:12 PM signup succeeded
INFO: 05/12/2019 07:34:12 PM signup succeeded
INFO: 05/12/2019 07:34:12 PM signup succeeded
INFO: 05/12/2019 07:34:12 PM signup succeeded
INFO: 05/12/2019 07:34:12 PM signup succeeded
INFO: 05/12/2019 07:34:12 PM signup succeeded
INFO: 05/12/2019 07:34:12 PM signup succeeded
INFO: 05/12/2019 07:34:12 PM signup succeeded
INFO: 05/12/2019 07:34:13 PM login succeeded
INFO: 05/12/2019 07:34:13 PM login succeeded
INFO: 05/12/2019 07:34:13 PM login succeeded
INFO: 05/12/2019 07:34:13 PM login succeeded
INFO: 05/12/2019 07:34:13 PM login succeeded
INFO: 05/12/2019 07:34:13 PM login succeeded
INFO: 05/12/2019 07:34:13 PM login succeeded
INFO: 05/12/2019 07:34:13 PM login succeeded
INFO: 05/12/2019 07:34:13 PM login succeeded
INFO: 05/12/2019 07:34:14 PM create store succeeded
INFO: 05/12/2019 07:34:14 PM create store succeeded
INFO: 05/12/2019 07:34:14 PM create store succeeded
INFO: 05/12/2019 07:34:14 PM create store succeeded
INFO: 05/12/2019 07:34:14 PM create store succeeded
INFO: 05/12/2019 07:34:14 PM create store succeeded
INFO: 05/12/2019 07:34:14 PM create store succeeded
INFO: 05/12/2019 07:34:14 PM create store succeeded
INFO: 05/12/2019 07:34:14 PM create store succeeded
INFO: 05/12/2019 07:34:14 PM create store succeeded
INFO: 05/12/2019 07:34:14 PM create store succeeded
INFO: 05/12/2019 07:34:14 PM create store succeeded
INFO: 05/12/2019 07:34:39 PM signup succeeded
INFO: 05/12/2019 07:34:39 PM signup succeeded
INFO: 05/12/2019 07:34:39 PM signup succeeded
INFO: 05/12/2019 07:34:39 PM signup succeeded
INFO: 05/12/2019 07:34:39 PM signup succeeded
INFO: 05/12/2019 07:34:39 PM signup succeeded
INFO: 05/12/2019 07:34:39 PM signup succeeded
INFO: 05/12/2019 07:34:39 PM signup succeeded
INFO: 05/12/2019 07:34:39 PM signup succeeded
INFO: 05/12/2019 07:34:39 PM signup succeeded
INFO: 05/12/2019 07:34:39 PM signup succeeded
INFO: 05/12/2019 07:34:39 PM signup succeeded
INFO: 05/12/2019 07:34:39 PM login succeeded
INFO: 05/12/2019 07:34:39 PM login succeeded
INFO: 05/12/2019 07:34:39 PM login succeeded
INFO: 05/12/2019 07:34:39 PM login succeeded
INFO: 05/12/2019 07:34:39 PM login succeeded
INFO: 05/12/2019 07:34:39 PM login succeeded
INFO: 05/12/2019 07:34:39 PM login succeeded
INFO: 05/12/2019 07:34:39 PM login succeeded
INFO: 05/12/2019 07:34:39 PM login succeeded
INFO: 05/12/2019 07:34:39 PM create store succeeded
INFO: 05/12/2019 07:34:39 PM create store succeeded
INFO: 05/12/2019 07:34:39 PM create store succeeded
INFO: 05/12/2019 07:34:39 PM create store succeeded
INFO: 05/12/2019 07:34:39 PM create store succeeded
INFO: 05/12/2019 07:34:39 PM create store succeeded
INFO: 05/12/2019 07:34:39 PM create store succeeded
INFO: 05/12/2019 07:34:39 PM create store succeeded
INFO: 05/12/2019 07:34:39 PM create store succeeded
INFO: 05/12/2019 07:34:39 PM create store succeeded
INFO: 05/12/2019 07:34:39 PM create store succeeded
INFO: 05/12/2019 07:34:39 PM create store succeeded
INFO: 05/12/2019 07:34:59 PM signup succeeded
INFO: 05/12/2019 07:34:59 PM signup succeeded
INFO: 05/12/2019 07:34:59 PM signup succeeded
INFO: 05/12/2019 07:34:59 PM signup succeeded
INFO: 05/12/2019 07:34:59 PM signup succeeded
INFO: 05/12/2019 07:34:59 PM signup succeeded
INFO: 05/12/2019 07:34:59 PM signup succeeded
INFO: 05/12/2019 07:34:59 PM signup succeeded
INFO: 05/12/2019 07:34:59 PM signup succeeded
INFO: 05/12/2019 07:34:59 PM signup succeeded
INFO: 05/12/2019 07:34:59 PM signup succeeded
INFO: 05/12/2019 07:34:59 PM signup succeeded
INFO: 05/12/2019 07:34:59 PM login succeeded
INFO: 05/12/2019 07:34:59 PM login succeeded
INFO: 05/12/2019 07:34:59 PM login succeeded
INFO: 05/12/2019 07:34:59 PM login succeeded
INFO: 05/12/2019 07:34:59 PM login succeeded
INFO: 05/12/2019 07:34:59 PM login succeeded
INFO: 05/12/2019 07:34:59 PM login succeeded
INFO: 05/12/2019 07:34:59 PM login succeeded
INFO: 05/12/2019 07:34:59 PM login succeeded
INFO: 05/12/2019 07:34:59 PM create store succeeded
INFO: 05/12/2019 07:34:59 PM create store succeeded
INFO: 05/12/2019 07:34:59 PM create store succeeded
INFO: 05/12/2019 07:34:59 PM create store succeeded
INFO: 05/12/2019 07:34:59 PM create store succeeded
INFO: 05/12/2019 07:34:59 PM create store succeeded
INFO: 05/12/2019 07:34:59 PM create store succeeded
INFO: 05/12/2019 07:34:59 PM create store succeeded
INFO: 05/12/2019 07:34:59 PM create store succeeded
INFO: 05/12/2019 07:34:59 PM create store succeeded
INFO: 05/12/2019 07:34:59 PM create store succeeded
INFO: 05/12/2019 07:34:59 PM create store succeeded
INFO: 05/12/2019 07:35:17 PM signup succeeded
INFO: 05/12/2019 07:35:17 PM signup succeeded
INFO: 05/12/2019 07:35:17 PM signup succeeded
INFO: 05/12/2019 07:35:29 PM signup succeeded
INFO: 05/12/2019 07:35:29 PM signup succeeded
INFO: 05/12/2019 07:35:29 PM signup succeeded
INFO: 05/12/2019 07:35:29 PM signup succeeded
INFO: 05/12/2019 07:35:29 PM signup succeeded
INFO: 05/12/2019 07:35:29 PM signup succeeded
INFO: 05/12/2019 07:35:29 PM signup succeeded
INFO: 05/12/2019 07:35:29 PM signup succeeded
INFO: 05/12/2019 07:35:29 PM signup succeeded
INFO: 05/12/2019 07:35:32 PM login succeeded
INFO: 05/12/2019 07:35:32 PM login succeeded
INFO: 05/12/2019 07:35:32 PM login succeeded
INFO: 05/12/2019 07:35:32 PM login succeeded
INFO: 05/12/2019 07:35:32 PM login succeeded
INFO: 05/12/2019 07:35:32 PM login succeeded
INFO: 05/12/2019 07:35:32 PM login succeeded
INFO: 05/12/2019 07:35:32 PM login succeeded
INFO: 05/12/2019 07:35:32 PM login succeeded
INFO: 05/12/2019 07:35:33 PM create store succeeded
INFO: 05/12/2019 07:35:33 PM create store succeeded
INFO: 05/12/2019 07:35:33 PM create store succeeded
INFO: 05/12/2019 07:35:33 PM create store succeeded
INFO: 05/12/2019 07:35:33 PM create store succeeded
INFO: 05/12/2019 07:35:33 PM create store succeeded
INFO: 05/12/2019 07:35:33 PM create store succeeded
INFO: 05/12/2019 07:35:33 PM create store succeeded
INFO: 05/12/2019 07:35:33 PM create store succeeded
INFO: 05/12/2019 07:35:33 PM create store succeeded
INFO: 05/12/2019 07:35:33 PM create store succeeded
INFO: 05/12/2019 07:35:33 PM create store succeeded
INFO: 05/12/2019 07:37:02 PM signup succeeded
INFO: 05/12/2019 07:37:02 PM signup succeeded
INFO: 05/12/2019 07:37:02 PM signup succeeded
INFO: 05/12/2019 07:37:03 PM signup succeeded
INFO: 05/12/2019 07:37:03 PM signup succeeded
INFO: 05/12/2019 07:37:03 PM signup succeeded
INFO: 05/12/2019 07:37:03 PM signup succeeded
INFO: 05/12/2019 07:37:03 PM signup succeeded
INFO: 05/12/2019 07:37:03 PM signup succeeded
INFO: 05/12/2019 07:37:03 PM signup succeeded
INFO: 05/12/2019 07:37:03 PM signup succeeded
INFO: 05/12/2019 07:37:03 PM signup succeeded
INFO: 05/12/2019 07:37:03 PM login succeeded
INFO: 05/12/2019 07:37:03 PM login succeeded
INFO: 05/12/2019 07:37:03 PM login succeeded
INFO: 05/12/2019 07:37:03 PM login succeeded
INFO: 05/12/2019 07:37:03 PM login succeeded
INFO: 05/12/2019 07:37:03 PM login succeeded
INFO: 05/12/2019 07:37:03 PM login succeeded
INFO: 05/12/2019 07:37:03 PM login succeeded
INFO: 05/12/2019 07:37:03 PM login succeeded
INFO: 05/12/2019 07:37:03 PM create store succeeded
INFO: 05/12/2019 07:37:03 PM create store succeeded
INFO: 05/12/2019 07:37:03 PM create store succeeded
INFO: 05/12/2019 07:37:03 PM create store succeeded
INFO: 05/12/2019 07:37:03 PM create store succeeded
INFO: 05/12/2019 07:37:03 PM create store succeeded
INFO: 05/12/2019 07:37:03 PM create store succeeded
INFO: 05/12/2019 07:37:03 PM create store succeeded
INFO: 05/12/2019 07:37:03 PM create store succeeded
INFO: 05/12/2019 07:37:03 PM create store succeeded
INFO: 05/12/2019 07:37:03 PM create store succeeded
INFO: 05/12/2019 07:37:03 PM create store succeeded
INFO: 05/12/2019 07:37:14 PM signup succeeded
INFO: 05/12/2019 07:37:14 PM signup succeeded
INFO: 05/12/2019 07:37:14 PM signup succeeded
INFO: 05/12/2019 07:37:17 PM signup succeeded
INFO: 05/12/2019 07:37:17 PM signup succeeded
INFO: 05/12/2019 07:37:17 PM signup succeeded
INFO: 05/12/2019 07:37:17 PM signup succeeded
INFO: 05/12/2019 07:37:17 PM signup succeeded
INFO: 05/12/2019 07:37:17 PM signup succeeded
INFO: 05/12/2019 07:37:17 PM signup succeeded
INFO: 05/12/2019 07:37:17 PM signup succeeded
INFO: 05/12/2019 07:37:17 PM signup succeeded
INFO: 05/12/2019 07:37:18 PM login succeeded
INFO: 05/12/2019 07:37:18 PM login succeeded
INFO: 05/12/2019 07:37:18 PM login succeeded
INFO: 05/12/2019 07:37:18 PM login succeeded
INFO: 05/12/2019 07:37:18 PM login succeeded
INFO: 05/12/2019 07:37:18 PM login succeeded
INFO: 05/12/2019 07:37:18 PM login succeeded
INFO: 05/12/2019 07:37:18 PM login succeeded
INFO: 05/12/2019 07:37:18 PM login succeeded
INFO: 05/12/2019 07:37:18 PM create store succeeded
INFO: 05/12/2019 07:37:18 PM create store succeeded
INFO: 05/12/2019 07:37:18 PM create store succeeded
INFO: 05/12/2019 07:37:18 PM create store succeeded
INFO: 05/12/2019 07:37:18 PM create store succeeded
INFO: 05/12/2019 07:37:18 PM create store succeeded
INFO: 05/12/2019 07:37:18 PM create store succeeded
INFO: 05/12/2019 07:37:18 PM create store succeeded
INFO: 05/12/2019 07:37:18 PM create store succeeded
INFO: 05/12/2019 07:37:18 PM create store succeeded
INFO: 05/12/2019 07:37:18 PM create store succeeded
INFO: 05/12/2019 07:37:18 PM create store succeeded
INFO: 05/12/2019 07:42:22 PM signup succeeded
INFO: 05/12/2019 07:42:22 PM signup succeeded
INFO: 05/12/2019 07:42:22 PM signup succeeded
INFO: 05/12/2019 07:42:22 PM signup succeeded
INFO: 05/12/2019 07:42:22 PM signup succeeded
INFO: 05/12/2019 07:42:22 PM signup succeeded
INFO: 05/12/2019 07:42:22 PM signup succeeded
INFO: 05/12/2019 07:42:22 PM signup succeeded
INFO: 05/12/2019 07:42:22 PM signup succeeded
INFO: 05/12/2019 07:42:22 PM signup succeeded
INFO: 05/12/2019 07:42:22 PM signup succeeded
INFO: 05/12/2019 07:42:22 PM signup succeeded
INFO: 05/12/2019 07:42:22 PM login succeeded
INFO: 05/12/2019 07:42:22 PM login succeeded
INFO: 05/12/2019 07:42:22 PM login succeeded
INFO: 05/12/2019 07:42:22 PM login succeeded
INFO: 05/12/2019 07:42:22 PM login succeeded
INFO: 05/12/2019 07:42:22 PM login succeeded
INFO: 05/12/2019 07:42:22 PM login succeeded
INFO: 05/12/2019 07:42:22 PM login succeeded
INFO: 05/12/2019 07:42:22 PM login succeeded
INFO: 05/12/2019 07:42:22 PM create store succeeded
INFO: 05/12/2019 07:42:22 PM create store succeeded
INFO: 05/12/2019 07:42:22 PM create store succeeded
INFO: 05/12/2019 07:42:22 PM create store succeeded
INFO: 05/12/2019 07:42:22 PM create store succeeded
INFO: 05/12/2019 07:42:22 PM create store succeeded
INFO: 05/12/2019 07:42:22 PM create store succeeded
INFO: 05/12/2019 07:42:22 PM create store succeeded
INFO: 05/12/2019 07:42:22 PM create store succeeded
INFO: 05/12/2019 07:42:22 PM create store succeeded
INFO: 05/12/2019 07:42:22 PM create store succeeded
INFO: 05/12/2019 07:42:22 PM create store succeeded
INFO: 05/12/2019 07:42:22 PM item has been successfully added to the store inventory!
INFO: 05/12/2019 07:42:22 PM item has been successfully added to the store inventory!
INFO: 05/12/2019 07:42:22 PM item has been successfully added to the store inventory!
INFO: 05/12/2019 07:42:22 PM item has been successfully added to the store inventory!
INFO: 05/12/2019 07:42:22 PM item has been successfully added to the store inventory!
INFO: 05/12/2019 07:42:22 PM item has been successfully added to the store inventory!
INFO: 05/12/2019 07:42:22 PM item has been successfully added to the store inventory!
INFO: 05/12/2019 07:42:22 PM item has been successfully added to the store inventory!
INFO: 05/12/2019 07:42:22 PM item has been successfully added to the store inventory!
INFO: 05/12/2019 07:42:22 PM item has been successfully added to the store inventory!
INFO: 05/12/2019 07:42:22 PM item has been successfully added to the store inventory!
INFO: 05/12/2019 07:42:22 PM item has been successfully added to the store inventory!
INFO: 05/12/2019 07:42:22 PM item has been successfully added to the store inventory!
INFO: 05/12/2019 07:42:22 PM item has been successfully added to the store inventory!
INFO: 05/12/2019 07:42:22 PM item has been successfully added to the store inventory!
INFO: 05/12/2019 07:42:22 PM item has been successfully added to the store inventory!
INFO: 05/12/2019 07:42:22 PM item has been successfully added to the store inventory!
INFO: 05/12/2019 07:42:22 PM item has been successfully added to the store inventory!
INFO: 05/12/2019 07:42:22 PM item has been successfully added to the store inventory!
INFO: 05/12/2019 07:42:22 PM item has been successfully added to the store inventory!
INFO: 05/12/2019 07:42:22 PM item has been successfully added to the store inventory!
INFO: 05/12/2019 07:42:22 PM item has been successfully added to the store inventory!
INFO: 05/12/2019 07:42:22 PM item has been successfully added to the store inventory!
INFO: 05/12/2019 07:42:22 PM item has been successfully added to the store inventory!
INFO: 05/12/2019 07:42:22 PM item has been successfully added to the store inventory!
INFO: 05/12/2019 07:42:22 PM item has been successfully added to the store inventory!
INFO: 05/12/2019 07:42:22 PM item has been successfully added to the store inventory!
INFO: 05/12/2019 07:42:22 PM item has been successfully added to the store inventory!
INFO: 05/12/2019 07:42:22 PM item has been successfully added to the store inventory!
INFO: 05/12/2019 07:42:22 PM item has been successfully added to the store inventory!
INFO: 05/12/2019 07:42:22 PM item has been successfully added to the store inventory!
INFO: 05/12/2019 07:42:22 PM item has been successfully added to the store inventory!
INFO: 05/12/2019 07:42:22 PM item has been successfully added to the store inventory!
INFO: 05/12/2019 07:42:22 PM item has been successfully added to the store inventory!
INFO: 05/12/2019 07:42:22 PM item has been successfully added to the store inventory!
INFO: 05/12/2019 07:42:22 PM item has been successfully added to the store inventory!
INFO: 05/12/2019 07:42:22 PM Logged out successfully
INFO: 05/12/2019 07:42:22 PM Logged out successfully
INFO: 05/12/2019 07:42:22 PM Logged out successfully
INFO: 05/12/2019 07:42:22 PM Logged out successfully
INFO: 05/12/2019 07:42:22 PM Logged out successfully
INFO: 05/12/2019 07:42:22 PM Logged out successfully
INFO: 05/12/2019 07:42:22 PM Logged out successfully
INFO: 05/12/2019 07:42:22 PM Logged out successfully
INFO: 05/12/2019 07:42:22 PM Logged out successfully
INFO: 05/12/2019 07:42:22 PM Logged out successfully
INFO: 05/12/2019 07:42:22 PM Logged out successfully
INFO: 05/12/2019 07:42:22 PM Logged out successfully
INFO: 05/12/2019 07:42:22 PM Logged out successfully
INFO: 05/12/2019 07:42:22 PM Logged out successfully
INFO: 05/12/2019 07:42:22 PM signup succeeded
INFO: 05/12/2019 07:42:22 PM signup succeeded
INFO: 05/12/2019 07:42:22 PM signup succeeded
INFO: 05/12/2019 07:42:22 PM signup succeeded
INFO: 05/12/2019 07:42:22 PM signup succeeded
INFO: 05/12/2019 07:42:22 PM signup succeeded
INFO: 05/12/2019 07:42:22 PM signup succeeded
INFO: 05/12/2019 07:42:22 PM signup succeeded
INFO: 05/12/2019 07:42:22 PM signup succeeded
INFO: 05/12/2019 07:42:22 PM signup succeeded
INFO: 05/12/2019 07:42:22 PM signup succeeded
INFO: 05/12/2019 07:42:22 PM signup succeeded
INFO: 05/12/2019 07:42:22 PM signup succeeded
INFO: 05/12/2019 07:42:22 PM signup succeeded
INFO: 05/12/2019 07:42:22 PM signup succeeded
INFO: 05/12/2019 07:42:22 PM signup succeeded
INFO: 05/12/2019 07:42:22 PM login succeeded
INFO: 05/12/2019 07:42:22 PM login succeeded
INFO: 05/12/2019 07:42:22 PM login succeeded
INFO: 05/12/2019 07:42:22 PM login succeeded
INFO: 05/12/2019 07:42:22 PM login succeeded
INFO: 05/12/2019 07:42:22 PM login succeeded
INFO: 05/12/2019 07:42:22 PM login succeeded
INFO: 05/12/2019 07:42:22 PM login succeeded
INFO: 05/12/2019 07:42:22 PM login succeeded
INFO: 05/12/2019 07:42:22 PM login succeeded
INFO: 05/12/2019 07:42:22 PM login succeeded
INFO: 05/12/2019 07:42:22 PM login succeeded
INFO: 05/12/2019 07:42:22 PM login succeeded
INFO: 05/12/2019 07:42:22 PM login succeeded
INFO: 05/12/2019 07:42:22 PM login succeeded
INFO: 05/12/2019 07:42:22 PM login succeeded
INFO: 05/12/2019 07:42:22 PM create store succeeded
INFO: 05/12/2019 07:42:22 PM create store succeeded
INFO: 05/12/2019 07:42:22 PM create store succeeded
INFO: 05/12/2019 07:42:22 PM create store succeeded
INFO: 05/12/2019 07:42:22 PM create store succeeded
INFO: 05/12/2019 07:42:22 PM create store succeeded
INFO: 05/12/2019 07:42:22 PM create store succeeded
INFO: 05/12/2019 07:42:22 PM create store succeeded
INFO: 05/12/2019 07:42:22 PM create store succeeded
INFO: 05/12/2019 07:42:22 PM create store succeeded
INFO: 05/12/2019 07:42:22 PM create store succeeded
INFO: 05/12/2019 07:42:22 PM create store succeeded
INFO: 05/12/2019 07:42:22 PM create store succeeded
INFO: 05/12/2019 07:42:22 PM create store succeeded
INFO: 05/12/2019 07:42:22 PM create store succeeded
INFO: 05/12/2019 07:42:22 PM create store succeeded
INFO: 05/12/2019 07:42:22 PM create store succeeded
INFO: 05/12/2019 07:42:22 PM create store succeeded
INFO: 05/12/2019 07:42:22 PM create store succeeded
INFO: 05/12/2019 07:42:22 PM item has been successfully added to the store inventory!
INFO: 05/12/2019 07:42:22 PM item has been successfully added to the store inventory!
INFO: 05/12/2019 07:42:22 PM item has been successfully added to the store inventory!
INFO: 05/12/2019 07:42:22 PM item has been successfully added to the store inventory!
INFO: 05/12/2019 07:42:22 PM item has been successfully added to the store inventory!
INFO: 05/12/2019 07:42:22 PM item has been successfully added to the store inventory!
INFO: 05/12/2019 07:42:22 PM item has been successfully added to the store inventory!
INFO: 05/12/2019 07:42:22 PM item has been successfully added to the store inventory!
INFO: 05/12/2019 07:42:22 PM item has been successfully added to the store inventory!
INFO: 05/12/2019 07:42:22 PM item has been successfully added to the store inventory!
INFO: 05/12/2019 07:42:22 PM item has been successfully added to the store inventory!
INFO: 05/12/2019 07:42:22 PM item has been successfully added to the store inventory!
INFO: 05/12/2019 07:42:22 PM item has been successfully added to the store inventory!
INFO: 05/12/2019 07:42:22 PM item has been successfully added to the store inventory!
INFO: 05/12/2019 07:42:22 PM item has been successfully added to the store inventory!
INFO: 05/12/2019 07:42:22 PM item has been successfully added to the store inventory!
INFO: 05/12/2019 07:42:22 PM item has been successfully added to the store inventory!
INFO: 05/12/2019 07:42:22 PM item has been successfully added to the store inventory!
INFO: 05/12/2019 07:42:22 PM item has been successfully added to the store inventory!
INFO: 05/12/2019 07:42:22 PM item has been successfully added to the store inventory!
INFO: 05/12/2019 07:42:22 PM item has been successfully added to the store inventory!
INFO: 05/12/2019 07:42:22 PM item has been successfully added to the store inventory!
INFO: 05/12/2019 07:42:22 PM item has been successfully added to the store inventory!
INFO: 05/12/2019 07:42:22 PM item has been successfully added to the store inventory!
INFO: 05/12/2019 07:42:22 PM item has been successfully added to the store inventory!
INFO: 05/12/2019 07:42:22 PM item has been successfully added to the store inventory!
INFO: 05/12/2019 07:42:22 PM item has been successfully added to the store inventory!
INFO: 05/12/2019 07:42:22 PM item has been successfully added to the store inventory!
INFO: 05/12/2019 07:42:22 PM item has been successfully added to the store inventory!
INFO: 05/12/2019 07:42:22 PM item has been successfully added to the store inventory!
INFO: 05/12/2019 07:42:22 PM item has been successfully added to the store inventory!
INFO: 05/12/2019 07:42:22 PM item has been successfully added to the store inventory!
INFO: 05/12/2019 07:42:22 PM item has been successfully added to the store inventory!
INFO: 05/12/2019 07:42:22 PM item has been successfully added to the store inventory!
INFO: 05/12/2019 07:42:22 PM item has been successfully added to the store inventory!
INFO: 05/12/2019 07:42:22 PM item has been successfully added to the store inventory!
INFO: 05/12/2019 07:42:22 PM item has been successfully added to the store inventory!
INFO: 05/12/2019 07:42:22 PM item has been successfully added to the store inventory!
INFO: 05/12/2019 07:43:03 PM signup succeeded
INFO: 05/12/2019 07:43:03 PM signup succeeded
INFO: 05/12/2019 07:43:03 PM signup succeeded
INFO: 05/12/2019 07:43:05 PM signup succeeded
INFO: 05/12/2019 07:43:05 PM signup succeeded
INFO: 05/12/2019 07:43:05 PM signup succeeded
INFO: 05/12/2019 07:43:05 PM signup succeeded
INFO: 05/12/2019 07:43:05 PM signup succeeded
INFO: 05/12/2019 07:43:05 PM signup succeeded
INFO: 05/12/2019 07:43:05 PM signup succeeded
INFO: 05/12/2019 07:43:05 PM signup succeeded
INFO: 05/12/2019 07:43:05 PM signup succeeded
INFO: 05/12/2019 07:43:06 PM login succeeded
INFO: 05/12/2019 07:43:06 PM login succeeded
INFO: 05/12/2019 07:43:06 PM login succeeded
INFO: 05/12/2019 07:43:06 PM login succeeded
INFO: 05/12/2019 07:43:06 PM login succeeded
INFO: 05/12/2019 07:43:06 PM login succeeded
INFO: 05/12/2019 07:43:06 PM login succeeded
INFO: 05/12/2019 07:43:06 PM login succeeded
INFO: 05/12/2019 07:43:06 PM login succeeded
INFO: 05/12/2019 07:43:07 PM create store succeeded
INFO: 05/12/2019 07:43:07 PM create store succeeded
INFO: 05/12/2019 07:43:07 PM create store succeeded
INFO: 05/12/2019 07:43:07 PM create store succeeded
INFO: 05/12/2019 07:43:07 PM create store succeeded
INFO: 05/12/2019 07:43:07 PM create store succeeded
INFO: 05/12/2019 07:43:07 PM create store succeeded
INFO: 05/12/2019 07:43:07 PM create store succeeded
INFO: 05/12/2019 07:43:07 PM create store succeeded
INFO: 05/12/2019 07:43:07 PM create store succeeded
INFO: 05/12/2019 07:43:07 PM create store succeeded
INFO: 05/12/2019 07:43:07 PM create store succeeded
INFO: 05/12/2019 07:43:22 PM item has been successfully added to the store inventory!
INFO: 05/12/2019 07:43:22 PM item has been successfully added to the store inventory!
INFO: 05/12/2019 07:43:22 PM item has been successfully added to the store inventory!
INFO: 05/12/2019 07:43:22 PM item has been successfully added to the store inventory!
INFO: 05/12/2019 07:43:22 PM item has been successfully added to the store inventory!
INFO: 05/12/2019 07:43:22 PM item has been successfully added to the store inventory!
INFO: 05/12/2019 07:43:22 PM item has been successfully added to the store inventory!
INFO: 05/12/2019 07:43:22 PM item has been successfully added to the store inventory!
INFO: 05/12/2019 07:43:22 PM item has been successfully added to the store inventory!
INFO: 05/12/2019 07:43:22 PM item has been successfully added to the store inventory!
INFO: 05/12/2019 07:43:22 PM item has been successfully added to the store inventory!
INFO: 05/12/2019 07:43:22 PM item has been successfully added to the store inventory!
INFO: 05/12/2019 07:43:29 PM item has been successfully added to the store inventory!
INFO: 05/12/2019 07:43:29 PM item has been successfully added to the store inventory!
INFO: 05/12/2019 07:43:29 PM item has been successfully added to the store inventory!
INFO: 05/12/2019 07:43:29 PM item has been successfully added to the store inventory!
INFO: 05/12/2019 07:43:29 PM item has been successfully added to the store inventory!
INFO: 05/12/2019 07:43:29 PM item has been successfully added to the store inventory!
INFO: 05/12/2019 07:43:29 PM item has been successfully added to the store inventory!
INFO: 05/12/2019 07:43:29 PM item has been successfully added to the store inventory!
INFO: 05/12/2019 07:43:29 PM item has been successfully added to the store inventory!
INFO: 05/12/2019 07:43:29 PM item has been successfully added to the store inventory!
INFO: 05/12/2019 07:43:29 PM item has been successfully added to the store inventory!
INFO: 05/12/2019 07:43:29 PM item has been successfully added to the store inventory!
INFO: 05/12/2019 07:43:31 PM item has been successfully added to the store inventory!
INFO: 05/12/2019 07:43:31 PM item has been successfully added to the store inventory!
INFO: 05/12/2019 07:43:31 PM item has been successfully added to the store inventory!
INFO: 05/12/2019 07:43:31 PM item has been successfully added to the store inventory!
INFO: 05/12/2019 07:43:31 PM item has been successfully added to the store inventory!
INFO: 05/12/2019 07:43:31 PM item has been successfully added to the store inventory!
INFO: 05/12/2019 07:43:31 PM item has been successfully added to the store inventory!
INFO: 05/12/2019 07:43:31 PM item has been successfully added to the store inventory!
INFO: 05/12/2019 07:43:31 PM item has been successfully added to the store inventory!
INFO: 05/12/2019 07:43:31 PM item has been successfully added to the store inventory!
INFO: 05/12/2019 07:43:31 PM item has been successfully added to the store inventory!
INFO: 05/12/2019 07:43:31 PM item has been successfully added to the store inventory!
INFO: 05/12/2019 07:43:35 PM Logged out successfully
INFO: 05/12/2019 07:43:35 PM Logged out successfully
INFO: 05/12/2019 07:43:35 PM Logged out successfully
INFO: 05/12/2019 07:43:35 PM Logged out successfully
INFO: 05/12/2019 07:43:35 PM Logged out successfully
INFO: 05/12/2019 07:43:35 PM Logged out successfully
INFO: 05/12/2019 07:43:35 PM Logged out successfully
INFO: 05/12/2019 07:43:35 PM Logged out successfully
INFO: 05/12/2019 07:43:35 PM Logged out successfully
INFO: 05/12/2019 07:43:35 PM Logged out successfully
INFO: 05/12/2019 07:43:35 PM Logged out successfully
INFO: 05/12/2019 07:43:35 PM Logged out successfully
INFO: 05/12/2019 07:43:35 PM Logged out successfully
INFO: 05/12/2019 07:43:35 PM Logged out successfully
INFO: 05/12/2019 07:43:41 PM signup succeeded
INFO: 05/12/2019 07:43:41 PM signup succeeded
INFO: 05/12/2019 07:43:41 PM signup succeeded
INFO: 05/12/2019 07:43:41 PM signup succeeded
INFO: 05/12/2019 07:43:41 PM signup succeeded
INFO: 05/12/2019 07:43:41 PM signup succeeded
INFO: 05/12/2019 07:43:41 PM signup succeeded
INFO: 05/12/2019 07:43:41 PM signup succeeded
INFO: 05/12/2019 07:43:41 PM signup succeeded
INFO: 05/12/2019 07:43:41 PM signup succeeded
INFO: 05/12/2019 07:43:41 PM signup succeeded
INFO: 05/12/2019 07:43:41 PM signup succeeded
INFO: 05/12/2019 07:43:41 PM signup succeeded
INFO: 05/12/2019 07:43:41 PM signup succeeded
INFO: 05/12/2019 07:43:41 PM signup succeeded
INFO: 05/12/2019 07:43:41 PM signup succeeded
INFO: 05/12/2019 07:43:42 PM login succeeded
INFO: 05/12/2019 07:43:42 PM login succeeded
INFO: 05/12/2019 07:43:42 PM login succeeded
INFO: 05/12/2019 07:43:42 PM login succeeded
INFO: 05/12/2019 07:43:42 PM login succeeded
INFO: 05/12/2019 07:43:42 PM login succeeded
INFO: 05/12/2019 07:43:42 PM login succeeded
INFO: 05/12/2019 07:43:42 PM login succeeded
INFO: 05/12/2019 07:43:42 PM login succeeded
INFO: 05/12/2019 07:43:42 PM login succeeded
INFO: 05/12/2019 07:43:42 PM login succeeded
INFO: 05/12/2019 07:43:42 PM login succeeded
INFO: 05/12/2019 07:43:42 PM login succeeded
INFO: 05/12/2019 07:43:42 PM login succeeded
INFO: 05/12/2019 07:43:42 PM login succeeded
INFO: 05/12/2019 07:43:42 PM login succeeded
INFO: 05/12/2019 07:43:44 PM create store succeeded
INFO: 05/12/2019 07:43:44 PM create store succeeded
INFO: 05/12/2019 07:43:44 PM create store succeeded
INFO: 05/12/2019 07:43:44 PM create store succeeded
INFO: 05/12/2019 07:43:44 PM create store succeeded
INFO: 05/12/2019 07:43:44 PM create store succeeded
INFO: 05/12/2019 07:43:44 PM create store succeeded
INFO: 05/12/2019 07:43:44 PM create store succeeded
INFO: 05/12/2019 07:43:44 PM create store succeeded
INFO: 05/12/2019 07:43:44 PM create store succeeded
INFO: 05/12/2019 07:43:44 PM create store succeeded
INFO: 05/12/2019 07:43:44 PM create store succeeded
INFO: 05/12/2019 07:43:44 PM create store succeeded
INFO: 05/12/2019 07:43:44 PM create store succeeded
INFO: 05/12/2019 07:43:44 PM create store succeeded
INFO: 05/12/2019 07:43:44 PM create store succeeded
INFO: 05/12/2019 07:43:44 PM create store succeeded
INFO: 05/12/2019 07:43:44 PM create store succeeded
INFO: 05/12/2019 07:43:44 PM create store succeeded
INFO: 05/12/2019 07:43:51 PM item has been successfully added to the store inventory!
INFO: 05/12/2019 07:43:51 PM item has been successfully added to the store inventory!
INFO: 05/12/2019 07:43:51 PM item has been successfully added to the store inventory!
INFO: 05/12/2019 07:43:51 PM item has been successfully added to the store inventory!
INFO: 05/12/2019 07:43:51 PM item has been successfully added to the store inventory!
INFO: 05/12/2019 07:43:51 PM item has been successfully added to the store inventory!
INFO: 05/12/2019 07:43:51 PM item has been successfully added to the store inventory!
INFO: 05/12/2019 07:43:51 PM item has been successfully added to the store inventory!
INFO: 05/12/2019 07:43:51 PM item has been successfully added to the store inventory!
INFO: 05/12/2019 07:43:51 PM item has been successfully added to the store inventory!
INFO: 05/12/2019 07:43:51 PM item has been successfully added to the store inventory!
INFO: 05/12/2019 07:43:51 PM item has been successfully added to the store inventory!
INFO: 05/12/2019 07:43:51 PM item has been successfully added to the store inventory!
INFO: 05/12/2019 07:43:51 PM item has been successfully added to the store inventory!
INFO: 05/12/2019 07:43:51 PM item has been successfully added to the store inventory!
INFO: 05/12/2019 07:43:51 PM item has been successfully added to the store inventory!
INFO: 05/12/2019 07:43:51 PM item has been successfully added to the store inventory!
INFO: 05/12/2019 07:43:51 PM item has been successfully added to the store inventory!
INFO: 05/12/2019 07:43:51 PM item has been successfully added to the store inventory!
INFO: 05/12/2019 07:43:52 PM item has been successfully added to the store inventory!
INFO: 05/12/2019 07:43:52 PM item has been successfully added to the store inventory!
INFO: 05/12/2019 07:43:52 PM item has been successfully added to the store inventory!
INFO: 05/12/2019 07:43:52 PM item has been successfully added to the store inventory!
INFO: 05/12/2019 07:43:52 PM item has been successfully added to the store inventory!
INFO: 05/12/2019 07:43:52 PM item has been successfully added to the store inventory!
INFO: 05/12/2019 07:43:52 PM item has been successfully added to the store inventory!
INFO: 05/12/2019 07:43:52 PM item has been successfully added to the store inventory!
INFO: 05/12/2019 07:43:52 PM item has been successfully added to the store inventory!
INFO: 05/12/2019 07:43:52 PM item has been successfully added to the store inventory!
INFO: 05/12/2019 07:43:52 PM item has been successfully added to the store inventory!
INFO: 05/12/2019 07:43:52 PM item has been successfully added to the store inventory!
INFO: 05/12/2019 07:43:52 PM item has been successfully added to the store inventory!
INFO: 05/12/2019 07:43:52 PM item has been successfully added to the store inventory!
INFO: 05/12/2019 07:43:52 PM item has been successfully added to the store inventory!
INFO: 05/12/2019 07:43:52 PM item has been successfully added to the store inventory!
INFO: 05/12/2019 07:43:52 PM item has been successfully added to the store inventory!
INFO: 05/12/2019 07:43:52 PM item has been successfully added to the store inventory!
INFO: 05/12/2019 07:43:52 PM item has been successfully added to the store inventory!
INFO: 05/12/2019 07:44:45 PM signup succeeded
INFO: 05/12/2019 07:44:45 PM signup succeeded
INFO: 05/12/2019 07:44:45 PM signup succeeded
INFO: 05/12/2019 07:44:45 PM signup succeeded
INFO: 05/12/2019 07:44:45 PM signup succeeded
INFO: 05/12/2019 07:44:45 PM signup succeeded
INFO: 05/12/2019 07:44:45 PM signup succeeded
INFO: 05/12/2019 07:44:45 PM signup succeeded
INFO: 05/12/2019 07:44:45 PM signup succeeded
INFO: 05/12/2019 07:44:45 PM signup succeeded
INFO: 05/12/2019 07:44:45 PM signup succeeded
INFO: 05/12/2019 07:44:45 PM signup succeeded
INFO: 05/12/2019 07:44:45 PM login succeeded
INFO: 05/12/2019 07:44:45 PM login succeeded
INFO: 05/12/2019 07:44:45 PM login succeeded
INFO: 05/12/2019 07:44:45 PM login succeeded
INFO: 05/12/2019 07:44:45 PM login succeeded
INFO: 05/12/2019 07:44:45 PM login succeeded
INFO: 05/12/2019 07:44:45 PM login succeeded
INFO: 05/12/2019 07:44:45 PM login succeeded
INFO: 05/12/2019 07:44:45 PM login succeeded
INFO: 05/12/2019 07:44:45 PM create store succeeded
INFO: 05/12/2019 07:44:45 PM create store succeeded
INFO: 05/12/2019 07:44:45 PM create store succeeded
INFO: 05/12/2019 07:44:45 PM create store succeeded
INFO: 05/12/2019 07:44:45 PM create store succeeded
INFO: 05/12/2019 07:44:45 PM create store succeeded
INFO: 05/12/2019 07:44:45 PM create store succeeded
INFO: 05/12/2019 07:44:45 PM create store succeeded
INFO: 05/12/2019 07:44:45 PM create store succeeded
INFO: 05/12/2019 07:44:45 PM create store succeeded
INFO: 05/12/2019 07:44:45 PM create store succeeded
INFO: 05/12/2019 07:44:45 PM create store succeeded
INFO: 05/12/2019 07:44:45 PM item has been successfully added to the store inventory!
INFO: 05/12/2019 07:44:45 PM item has been successfully added to the store inventory!
INFO: 05/12/2019 07:44:45 PM item has been successfully added to the store inventory!
INFO: 05/12/2019 07:44:45 PM item has been successfully added to the store inventory!
INFO: 05/12/2019 07:44:45 PM item has been successfully added to the store inventory!
INFO: 05/12/2019 07:44:45 PM item has been successfully added to the store inventory!
INFO: 05/12/2019 07:44:45 PM item has been successfully added to the store inventory!
INFO: 05/12/2019 07:44:45 PM item has been successfully added to the store inventory!
INFO: 05/12/2019 07:44:45 PM item has been successfully added to the store inventory!
INFO: 05/12/2019 07:44:45 PM item has been successfully added to the store inventory!
INFO: 05/12/2019 07:44:45 PM item has been successfully added to the store inventory!
INFO: 05/12/2019 07:44:45 PM item has been successfully added to the store inventory!
INFO: 05/12/2019 07:44:45 PM item has been successfully added to the store inventory!
INFO: 05/12/2019 07:44:45 PM item has been successfully added to the store inventory!
INFO: 05/12/2019 07:44:45 PM item has been successfully added to the store inventory!
INFO: 05/12/2019 07:44:45 PM item has been successfully added to the store inventory!
INFO: 05/12/2019 07:44:45 PM item has been successfully added to the store inventory!
INFO: 05/12/2019 07:44:45 PM item has been successfully added to the store inventory!
INFO: 05/12/2019 07:44:45 PM item has been successfully added to the store inventory!
INFO: 05/12/2019 07:44:45 PM item has been successfully added to the store inventory!
INFO: 05/12/2019 07:44:45 PM item has been successfully added to the store inventory!
INFO: 05/12/2019 07:44:45 PM item has been successfully added to the store inventory!
INFO: 05/12/2019 07:44:45 PM item has been successfully added to the store inventory!
INFO: 05/12/2019 07:44:45 PM item has been successfully added to the store inventory!
INFO: 05/12/2019 07:44:45 PM item has been successfully added to the store inventory!
INFO: 05/12/2019 07:44:45 PM item has been successfully added to the store inventory!
INFO: 05/12/2019 07:44:45 PM item has been successfully added to the store inventory!
INFO: 05/12/2019 07:44:45 PM item has been successfully added to the store inventory!
INFO: 05/12/2019 07:44:45 PM item has been successfully added to the store inventory!
INFO: 05/12/2019 07:44:45 PM item has been successfully added to the store inventory!
INFO: 05/12/2019 07:44:45 PM item has been successfully added to the store inventory!
INFO: 05/12/2019 07:44:45 PM item has been successfully added to the store inventory!
INFO: 05/12/2019 07:44:45 PM item has been successfully added to the store inventory!
INFO: 05/12/2019 07:44:45 PM item has been successfully added to the store inventory!
INFO: 05/12/2019 07:44:45 PM item has been successfully added to the store inventory!
INFO: 05/12/2019 07:44:45 PM item has been successfully added to the store inventory!
INFO: 05/12/2019 07:44:45 PM Logged out successfully
INFO: 05/12/2019 07:44:45 PM Logged out successfully
INFO: 05/12/2019 07:44:45 PM Logged out successfully
INFO: 05/12/2019 07:44:45 PM Logged out successfully
INFO: 05/12/2019 07:44:45 PM Logged out successfully
INFO: 05/12/2019 07:44:45 PM Logged out successfully
INFO: 05/12/2019 07:44:45 PM Logged out successfully
INFO: 05/12/2019 07:44:45 PM Logged out successfully
INFO: 05/12/2019 07:44:45 PM Logged out successfully
INFO: 05/12/2019 07:44:45 PM Logged out successfully
INFO: 05/12/2019 07:44:45 PM Logged out successfully
INFO: 05/12/2019 07:44:45 PM Logged out successfully
INFO: 05/12/2019 07:44:45 PM Logged out successfully
INFO: 05/12/2019 07:44:45 PM Logged out successfully
INFO: 05/12/2019 07:44:45 PM signup succeeded
INFO: 05/12/2019 07:44:45 PM signup succeeded
INFO: 05/12/2019 07:44:45 PM signup succeeded
INFO: 05/12/2019 07:44:45 PM signup succeeded
INFO: 05/12/2019 07:44:45 PM signup succeeded
INFO: 05/12/2019 07:44:45 PM signup succeeded
INFO: 05/12/2019 07:44:45 PM signup succeeded
INFO: 05/12/2019 07:44:45 PM signup succeeded
INFO: 05/12/2019 07:44:45 PM signup succeeded
INFO: 05/12/2019 07:44:45 PM signup succeeded
INFO: 05/12/2019 07:44:45 PM signup succeeded
INFO: 05/12/2019 07:44:45 PM signup succeeded
INFO: 05/12/2019 07:44:45 PM signup succeeded
INFO: 05/12/2019 07:44:45 PM signup succeeded
INFO: 05/12/2019 07:44:45 PM signup succeeded
INFO: 05/12/2019 07:44:45 PM signup succeeded
INFO: 05/12/2019 07:44:45 PM login succeeded
INFO: 05/12/2019 07:44:45 PM login succeeded
INFO: 05/12/2019 07:44:45 PM login succeeded
INFO: 05/12/2019 07:44:45 PM login succeeded
INFO: 05/12/2019 07:44:45 PM login succeeded
INFO: 05/12/2019 07:44:45 PM login succeeded
INFO: 05/12/2019 07:44:45 PM login succeeded
INFO: 05/12/2019 07:44:45 PM login succeeded
INFO: 05/12/2019 07:44:45 PM login succeeded
INFO: 05/12/2019 07:44:45 PM login succeeded
INFO: 05/12/2019 07:44:45 PM login succeeded
INFO: 05/12/2019 07:44:45 PM login succeeded
INFO: 05/12/2019 07:44:45 PM login succeeded
INFO: 05/12/2019 07:44:45 PM login succeeded
INFO: 05/12/2019 07:44:45 PM login succeeded
INFO: 05/12/2019 07:44:45 PM login succeeded
INFO: 05/12/2019 07:44:45 PM create store succeeded
INFO: 05/12/2019 07:44:45 PM create store succeeded
INFO: 05/12/2019 07:44:45 PM create store succeeded
INFO: 05/12/2019 07:44:45 PM create store succeeded
INFO: 05/12/2019 07:44:45 PM create store succeeded
INFO: 05/12/2019 07:44:45 PM create store succeeded
INFO: 05/12/2019 07:44:45 PM create store succeeded
INFO: 05/12/2019 07:44:45 PM create store succeeded
INFO: 05/12/2019 07:44:45 PM create store succeeded
INFO: 05/12/2019 07:44:45 PM create store succeeded
INFO: 05/12/2019 07:44:45 PM create store succeeded
INFO: 05/12/2019 07:44:45 PM create store succeeded
INFO: 05/12/2019 07:44:45 PM create store succeeded
INFO: 05/12/2019 07:44:45 PM create store succeeded
INFO: 05/12/2019 07:44:45 PM create store succeeded
INFO: 05/12/2019 07:44:45 PM create store succeeded
INFO: 05/12/2019 07:44:45 PM create store succeeded
INFO: 05/12/2019 07:44:45 PM create store succeeded
INFO: 05/12/2019 07:44:45 PM create store succeeded
INFO: 05/12/2019 07:44:45 PM item has been successfully added to the store inventory!
INFO: 05/12/2019 07:44:45 PM item has been successfully added to the store inventory!
INFO: 05/12/2019 07:44:45 PM item has been successfully added to the store inventory!
INFO: 05/12/2019 07:44:45 PM item has been successfully added to the store inventory!
INFO: 05/12/2019 07:44:45 PM item has been successfully added to the store inventory!
INFO: 05/12/2019 07:44:45 PM item has been successfully added to the store inventory!
INFO: 05/12/2019 07:44:45 PM item has been successfully added to the store inventory!
INFO: 05/12/2019 07:44:45 PM item has been successfully added to the store inventory!
INFO: 05/12/2019 07:44:45 PM item has been successfully added to the store inventory!
INFO: 05/12/2019 07:44:45 PM item has been successfully added to the store inventory!
INFO: 05/12/2019 07:44:45 PM item has been successfully added to the store inventory!
INFO: 05/12/2019 07:44:45 PM item has been successfully added to the store inventory!
INFO: 05/12/2019 07:44:45 PM item has been successfully added to the store inventory!
INFO: 05/12/2019 07:44:45 PM item has been successfully added to the store inventory!
INFO: 05/12/2019 07:44:45 PM item has been successfully added to the store inventory!
INFO: 05/12/2019 07:44:45 PM item has been successfully added to the store inventory!
INFO: 05/12/2019 07:44:45 PM item has been successfully added to the store inventory!
INFO: 05/12/2019 07:44:45 PM item has been successfully added to the store inventory!
INFO: 05/12/2019 07:44:45 PM item has been successfully added to the store inventory!
INFO: 05/12/2019 07:44:45 PM item has been successfully added to the store inventory!
INFO: 05/12/2019 07:44:45 PM item has been successfully added to the store inventory!
INFO: 05/12/2019 07:44:45 PM item has been successfully added to the store inventory!
INFO: 05/12/2019 07:44:45 PM item has been successfully added to the store inventory!
INFO: 05/12/2019 07:44:45 PM item has been successfully added to the store inventory!
INFO: 05/12/2019 07:44:45 PM item has been successfully added to the store inventory!
INFO: 05/12/2019 07:44:45 PM item has been successfully added to the store inventory!
INFO: 05/12/2019 07:44:45 PM item has been successfully added to the store inventory!
INFO: 05/12/2019 07:44:45 PM item has been successfully added to the store inventory!
INFO: 05/12/2019 07:44:45 PM item has been successfully added to the store inventory!
INFO: 05/12/2019 07:44:45 PM item has been successfully added to the store inventory!
INFO: 05/12/2019 07:44:45 PM item has been successfully added to the store inventory!
INFO: 05/12/2019 07:44:45 PM item has been successfully added to the store inventory!
INFO: 05/12/2019 07:44:45 PM item has been successfully added to the store inventory!
INFO: 05/12/2019 07:44:45 PM item has been successfully added to the store inventory!
INFO: 05/12/2019 07:44:45 PM item has been successfully added to the store inventory!
INFO: 05/12/2019 07:44:45 PM item has been successfully added to the store inventory!
INFO: 05/12/2019 07:44:45 PM item has been successfully added to the store inventory!
INFO: 05/12/2019 07:44:45 PM item has been successfully added to the store inventory!
INFO: 05/12/2019 07:45:25 PM signup succeeded
INFO: 05/12/2019 07:45:25 PM signup succeeded
INFO: 05/12/2019 07:45:25 PM signup succeeded
INFO: 05/12/2019 07:45:25 PM signup succeeded
INFO: 05/12/2019 07:45:25 PM signup succeeded
INFO: 05/12/2019 07:45:25 PM signup succeeded
INFO: 05/12/2019 07:45:25 PM signup succeeded
INFO: 05/12/2019 07:45:25 PM signup succeeded
INFO: 05/12/2019 07:45:25 PM signup succeeded
INFO: 05/12/2019 07:45:25 PM signup succeeded
INFO: 05/12/2019 07:45:25 PM signup succeeded
INFO: 05/12/2019 07:45:25 PM signup succeeded
INFO: 05/12/2019 07:45:25 PM login succeeded
INFO: 05/12/2019 07:45:25 PM login succeeded
INFO: 05/12/2019 07:45:25 PM login succeeded
INFO: 05/12/2019 07:45:25 PM login succeeded
INFO: 05/12/2019 07:45:25 PM login succeeded
INFO: 05/12/2019 07:45:25 PM login succeeded
INFO: 05/12/2019 07:45:25 PM login succeeded
INFO: 05/12/2019 07:45:25 PM login succeeded
INFO: 05/12/2019 07:45:25 PM login succeeded
INFO: 05/12/2019 07:45:25 PM create store succeeded
INFO: 05/12/2019 07:45:25 PM create store succeeded
INFO: 05/12/2019 07:45:25 PM create store succeeded
INFO: 05/12/2019 07:45:25 PM create store succeeded
INFO: 05/12/2019 07:45:25 PM create store succeeded
INFO: 05/12/2019 07:45:25 PM create store succeeded
INFO: 05/12/2019 07:45:25 PM create store succeeded
INFO: 05/12/2019 07:45:25 PM create store succeeded
INFO: 05/12/2019 07:45:25 PM create store succeeded
INFO: 05/12/2019 07:45:25 PM create store succeeded
INFO: 05/12/2019 07:45:25 PM create store succeeded
INFO: 05/12/2019 07:45:25 PM create store succeeded
INFO: 05/12/2019 07:45:25 PM item has been successfully added to the store inventory!
INFO: 05/12/2019 07:45:25 PM item has been successfully added to the store inventory!
INFO: 05/12/2019 07:45:25 PM item has been successfully added to the store inventory!
INFO: 05/12/2019 07:45:25 PM item has been successfully added to the store inventory!
INFO: 05/12/2019 07:45:25 PM item has been successfully added to the store inventory!
INFO: 05/12/2019 07:45:25 PM item has been successfully added to the store inventory!
INFO: 05/12/2019 07:45:25 PM item has been successfully added to the store inventory!
INFO: 05/12/2019 07:45:25 PM item has been successfully added to the store inventory!
INFO: 05/12/2019 07:45:25 PM item has been successfully added to the store inventory!
INFO: 05/12/2019 07:45:25 PM item has been successfully added to the store inventory!
INFO: 05/12/2019 07:45:25 PM item has been successfully added to the store inventory!
INFO: 05/12/2019 07:45:25 PM item has been successfully added to the store inventory!
INFO: 05/12/2019 07:45:25 PM item has been successfully added to the store inventory!
INFO: 05/12/2019 07:45:25 PM item has been successfully added to the store inventory!
INFO: 05/12/2019 07:45:25 PM item has been successfully added to the store inventory!
INFO: 05/12/2019 07:45:25 PM item has been successfully added to the store inventory!
INFO: 05/12/2019 07:45:25 PM item has been successfully added to the store inventory!
INFO: 05/12/2019 07:45:25 PM item has been successfully added to the store inventory!
INFO: 05/12/2019 07:45:25 PM item has been successfully added to the store inventory!
INFO: 05/12/2019 07:45:25 PM item has been successfully added to the store inventory!
INFO: 05/12/2019 07:45:25 PM item has been successfully added to the store inventory!
INFO: 05/12/2019 07:45:25 PM item has been successfully added to the store inventory!
INFO: 05/12/2019 07:45:25 PM item has been successfully added to the store inventory!
INFO: 05/12/2019 07:45:25 PM item has been successfully added to the store inventory!
INFO: 05/12/2019 07:45:25 PM item has been successfully added to the store inventory!
INFO: 05/12/2019 07:45:25 PM item has been successfully added to the store inventory!
INFO: 05/12/2019 07:45:25 PM item has been successfully added to the store inventory!
INFO: 05/12/2019 07:45:25 PM item has been successfully added to the store inventory!
INFO: 05/12/2019 07:45:25 PM item has been successfully added to the store inventory!
INFO: 05/12/2019 07:45:25 PM item has been successfully added to the store inventory!
INFO: 05/12/2019 07:45:25 PM item has been successfully added to the store inventory!
INFO: 05/12/2019 07:45:25 PM item has been successfully added to the store inventory!
INFO: 05/12/2019 07:45:25 PM item has been successfully added to the store inventory!
INFO: 05/12/2019 07:45:25 PM item has been successfully added to the store inventory!
INFO: 05/12/2019 07:45:25 PM item has been successfully added to the store inventory!
INFO: 05/12/2019 07:45:25 PM item has been successfully added to the store inventory!
INFO: 05/12/2019 07:45:25 PM Logged out successfully
INFO: 05/12/2019 07:45:25 PM Logged out successfully
INFO: 05/12/2019 07:45:25 PM Logged out successfully
INFO: 05/12/2019 07:45:25 PM Logged out successfully
INFO: 05/12/2019 07:45:25 PM Logged out successfully
INFO: 05/12/2019 07:45:25 PM Logged out successfully
INFO: 05/12/2019 07:45:25 PM Logged out successfully
INFO: 05/12/2019 07:45:25 PM Logged out successfully
INFO: 05/12/2019 07:45:25 PM Logged out successfully
INFO: 05/12/2019 07:45:25 PM Logged out successfully
INFO: 05/12/2019 07:45:25 PM Logged out successfully
INFO: 05/12/2019 07:45:25 PM Logged out successfully
INFO: 05/12/2019 07:45:25 PM Logged out successfully
INFO: 05/12/2019 07:45:25 PM Logged out successfully
INFO: 05/12/2019 07:45:25 PM signup succeeded
INFO: 05/12/2019 07:45:25 PM signup succeeded
INFO: 05/12/2019 07:45:25 PM signup succeeded
INFO: 05/12/2019 07:45:25 PM signup succeeded
INFO: 05/12/2019 07:45:25 PM signup succeeded
INFO: 05/12/2019 07:45:25 PM signup succeeded
INFO: 05/12/2019 07:45:25 PM signup succeeded
INFO: 05/12/2019 07:45:25 PM signup succeeded
INFO: 05/12/2019 07:45:25 PM signup succeeded
INFO: 05/12/2019 07:45:25 PM signup succeeded
INFO: 05/12/2019 07:45:25 PM signup succeeded
INFO: 05/12/2019 07:45:25 PM signup succeeded
INFO: 05/12/2019 07:45:25 PM signup succeeded
INFO: 05/12/2019 07:45:25 PM signup succeeded
INFO: 05/12/2019 07:45:25 PM signup succeeded
INFO: 05/12/2019 07:45:25 PM signup succeeded
INFO: 05/12/2019 07:45:25 PM login succeeded
INFO: 05/12/2019 07:45:25 PM login succeeded
INFO: 05/12/2019 07:45:25 PM login succeeded
INFO: 05/12/2019 07:45:25 PM login succeeded
INFO: 05/12/2019 07:45:25 PM login succeeded
INFO: 05/12/2019 07:45:25 PM login succeeded
INFO: 05/12/2019 07:45:25 PM login succeeded
INFO: 05/12/2019 07:45:25 PM login succeeded
INFO: 05/12/2019 07:45:25 PM login succeeded
INFO: 05/12/2019 07:45:25 PM login succeeded
INFO: 05/12/2019 07:45:25 PM login succeeded
INFO: 05/12/2019 07:45:25 PM login succeeded
INFO: 05/12/2019 07:45:25 PM login succeeded
INFO: 05/12/2019 07:45:25 PM login succeeded
INFO: 05/12/2019 07:45:25 PM login succeeded
INFO: 05/12/2019 07:45:25 PM login succeeded
INFO: 05/12/2019 07:45:25 PM create store succeeded
INFO: 05/12/2019 07:45:25 PM create store succeeded
INFO: 05/12/2019 07:45:25 PM create store succeeded
INFO: 05/12/2019 07:45:25 PM create store succeeded
INFO: 05/12/2019 07:45:25 PM create store succeeded
INFO: 05/12/2019 07:45:25 PM create store succeeded
INFO: 05/12/2019 07:45:25 PM create store succeeded
INFO: 05/12/2019 07:45:25 PM create store succeeded
INFO: 05/12/2019 07:45:25 PM create store succeeded
INFO: 05/12/2019 07:45:25 PM create store succeeded
INFO: 05/12/2019 07:45:25 PM create store succeeded
INFO: 05/12/2019 07:45:25 PM create store succeeded
INFO: 05/12/2019 07:45:25 PM create store succeeded
INFO: 05/12/2019 07:45:25 PM create store succeeded
INFO: 05/12/2019 07:45:25 PM create store succeeded
INFO: 05/12/2019 07:45:25 PM create store succeeded
INFO: 05/12/2019 07:45:25 PM create store succeeded
INFO: 05/12/2019 07:45:25 PM create store succeeded
INFO: 05/12/2019 07:45:25 PM create store succeeded
INFO: 05/12/2019 07:45:25 PM item has been successfully added to the store inventory!
INFO: 05/12/2019 07:45:25 PM item has been successfully added to the store inventory!
INFO: 05/12/2019 07:45:25 PM item has been successfully added to the store inventory!
INFO: 05/12/2019 07:45:25 PM item has been successfully added to the store inventory!
INFO: 05/12/2019 07:45:25 PM item has been successfully added to the store inventory!
INFO: 05/12/2019 07:45:25 PM item has been successfully added to the store inventory!
INFO: 05/12/2019 07:45:25 PM item has been successfully added to the store inventory!
INFO: 05/12/2019 07:45:25 PM item has been successfully added to the store inventory!
INFO: 05/12/2019 07:45:25 PM item has been successfully added to the store inventory!
INFO: 05/12/2019 07:45:25 PM item has been successfully added to the store inventory!
INFO: 05/12/2019 07:45:25 PM item has been successfully added to the store inventory!
INFO: 05/12/2019 07:45:25 PM item has been successfully added to the store inventory!
INFO: 05/12/2019 07:45:25 PM item has been successfully added to the store inventory!
INFO: 05/12/2019 07:45:25 PM item has been successfully added to the store inventory!
INFO: 05/12/2019 07:45:25 PM item has been successfully added to the store inventory!
INFO: 05/12/2019 07:45:25 PM item has been successfully added to the store inventory!
INFO: 05/12/2019 07:45:25 PM item has been successfully added to the store inventory!
INFO: 05/12/2019 07:45:25 PM item has been successfully added to the store inventory!
INFO: 05/12/2019 07:45:25 PM item has been successfully added to the store inventory!
INFO: 05/12/2019 07:45:25 PM item has been successfully added to the store inventory!
INFO: 05/12/2019 07:45:25 PM item has been successfully added to the store inventory!
INFO: 05/12/2019 07:45:25 PM item has been successfully added to the store inventory!
INFO: 05/12/2019 07:45:25 PM item has been successfully added to the store inventory!
INFO: 05/12/2019 07:45:25 PM item has been successfully added to the store inventory!
INFO: 05/12/2019 07:45:25 PM item has been successfully added to the store inventory!
INFO: 05/12/2019 07:45:25 PM item has been successfully added to the store inventory!
INFO: 05/12/2019 07:45:25 PM item has been successfully added to the store inventory!
INFO: 05/12/2019 07:45:25 PM item has been successfully added to the store inventory!
INFO: 05/12/2019 07:45:25 PM item has been successfully added to the store inventory!
INFO: 05/12/2019 07:45:25 PM item has been successfully added to the store inventory!
INFO: 05/12/2019 07:45:25 PM item has been successfully added to the store inventory!
INFO: 05/12/2019 07:45:25 PM item has been successfully added to the store inventory!
INFO: 05/12/2019 07:45:25 PM item has been successfully added to the store inventory!
INFO: 05/12/2019 07:45:25 PM item has been successfully added to the store inventory!
INFO: 05/12/2019 07:45:25 PM item has been successfully added to the store inventory!
INFO: 05/12/2019 07:45:25 PM item has been successfully added to the store inventory!
INFO: 05/12/2019 07:45:25 PM item has been successfully added to the store inventory!
INFO: 05/12/2019 07:45:25 PM item has been successfully added to the store inventory!
